<?xml version="1.0" encoding="UTF-8"?>
<!-- Generated by org.testng.reporters.JUnitXMLReporter -->
<testsuite ignored="0" hostname="Anamikas-MacBook-Air.local" failures="0" tests="3" name="Sanity" time="0.087" errors="0" timestamp="2024-01-29T16:39:30 EST">
  <testcase classname="Testsuite1.Module1" name="test001" time="0.019"/>
  <testcase classname="Testsuite1.Module1" name="test002" time="0.003"/>
  <testcase classname="Testsuite1.Module1" name="test003" time="0.003"/>
</testsuite> <!-- Sanity -->
